<?xml version="1.0" encoding="UTF-8"?>
<!-- Generated by org.testng.reporters.JUnitReportReporter -->
<testsuite hostname="HP" failures="0" tests="3" name="swaglab_test.LoginTest" time="13.453" errors="0" timestamp="06 Apr 2025 15:45:11 GMT" skipped="0">
  <testcase classname="swaglab_test.LoginTest" name="LoginSuccessTest" time="4.801"/>
  <testcase classname="swaglab_test.LoginTest" name="LoginFailureTest" time="4.817"/>
  <testcase classname="swaglab_test.LoginTest" name="LocakedUserLoginFailureTest" time="3.835"/>
</testsuite> <!-- swaglab_test.LoginTest -->
