<?xml version="1.0" encoding="UTF-8"?>
<!-- Generated by org.testng.reporters.JUnitReportReporter -->
<testsuite hostname="HP" failures="0" tests="2" name="testng.AnnotationsExample" time="0.013" errors="0" timestamp="05 Apr 2025 16:11:58 GMT" skipped="0">
  <testcase classname="testng.AnnotationsExample" name="test1" time="0.010"/>
  <testcase classname="testng.AnnotationsExample" name="test2" time="0.003"/>
</testsuite> <!-- testng.AnnotationsExample -->
