<?xml version="1.0" encoding="UTF-8"?>
<!-- Generated by org.testng.reporters.JUnitReportReporter -->
<testsuite hostname="HP" failures="0" tests="5" name="swaglab_test.LoginTest" time="8.098" errors="0" timestamp="15 Apr 2025 06:35:04 GMT" skipped="2">
  <testcase classname="swaglab_test.LoginTest" name="LoginSuccessTest" time="2.767"/>
  <testcase classname="swaglab_test.LoginTest" name="LoginFailureTest" time="2.651"/>
  <testcase classname="swaglab_test.LoginTest" name="LocakedUserLoginFailureTest" time="2.680"/>
  <testcase classname="swaglab_test.LoginTest" name="LoginFailureTestFromProperties">
    <skipped/>
  </testcase> <!-- LoginFailureTestFromProperties -->
  <testcase classname="swaglab_test.LoginTest" name="LoginFailureTestFromExcel">
    <skipped/>
  </testcase> <!-- LoginFailureTestFromExcel -->
</testsuite> <!-- swaglab_test.LoginTest -->
