<?xml version="1.0" encoding="UTF-8"?>
<!-- Generated by org.testng.reporters.JUnitReportReporter -->
<testsuite hostname="HP" failures="0" tests="5" name="swaglab_test.LoginTest" time="16.335" errors="0" timestamp="07 Jun 2025 17:17:24 GMT" skipped="2">
  <testcase classname="swaglab_test.LoginTest" name="LoginSuccessTest" time="5.735"/>
  <testcase classname="swaglab_test.LoginTest" name="LoginFailureTest" time="5.343"/>
  <testcase classname="swaglab_test.LoginTest" name="LocakedUserLoginFailureTest" time="5.257"/>
  <testcase classname="swaglab_test.LoginTest" name="LoginFailureTestFromProperties">
    <skipped/>
  </testcase> <!-- LoginFailureTestFromProperties -->
  <testcase classname="swaglab_test.LoginTest" name="LoginFailureTestFromExcel">
    <skipped/>
  </testcase> <!-- LoginFailureTestFromExcel -->
</testsuite> <!-- swaglab_test.LoginTest -->
