<?xml version="1.0" encoding="UTF-8"?>
<!-- Generated by org.testng.reporters.JUnitReportReporter -->
<testsuite hostname="HP" failures="0" tests="1" name="swaglab_test.ProductsTest" time="3.504" errors="0" timestamp="06 Apr 2025 17:15:49 GMT" skipped="0">
  <testcase classname="swaglab_test.ProductsTest" name="AddToCartTest" time="3.504"/>
</testsuite> <!-- swaglab_test.ProductsTest -->
