<?xml version="1.0" encoding="UTF-8"?>
<!-- Generated by org.testng.reporters.JUnitReportReporter -->
<testsuite hostname="HP" failures="0" tests="5" name="swaglab_test.LoginTest" time="18.053" errors="0" timestamp="22 Apr 2025 07:16:12 GMT" skipped="2">
  <testcase classname="swaglab_test.LoginTest" name="LoginSuccessTest" time="4.635"/>
  <testcase classname="swaglab_test.LoginTest" name="LoginFailureTest" time="9.006"/>
  <testcase classname="swaglab_test.LoginTest" name="LocakedUserLoginFailureTest" time="4.412"/>
  <testcase classname="swaglab_test.LoginTest" name="LoginFailureTestFromProperties">
    <skipped/>
  </testcase> <!-- LoginFailureTestFromProperties -->
  <testcase classname="swaglab_test.LoginTest" name="LoginFailureTestFromExcel">
    <skipped/>
  </testcase> <!-- LoginFailureTestFromExcel -->
</testsuite> <!-- swaglab_test.LoginTest -->
